<?xml version="1.0" encoding="UTF-8"?>
<!-- Generated by org.testng.reporters.JUnitReportReporter -->
<testsuite hostname="DESKTOP-D4ECH1I" failures="0" tests="2" name="automation.verizon_jenkins.MobileTest" time="0.002" errors="0" timestamp="2023-07-26T00:08:02 GMT-07:00" skipped="0">
  <testcase classname="automation.verizon_jenkins.MobileTest" name="logout" time="0.000"/>
  <testcase classname="automation.verizon_jenkins.MobileTest" name="login" time="0.002"/>
</testsuite> <!-- automation.verizon_jenkins.MobileTest -->
